./builtins.c:27: MAJOR:C-C1
./builtins.c:39: MAJOR:C-F4
./mysh.c:32: MAJOR:C-F4
./mysh.c:33: MAJOR:C-F4
./mysh.c:34: MAJOR:C-F4
./mysh.c:35: MAJOR:C-F4
./pipe_process.c:34: MINOR:C-L6
./pipe_process.c:51: MAJOR:C-L1
./pipe_process.c:51: MAJOR:C-L5
./pipe_process.c:52: MAJOR:C-L1
./pipe_process.c:52: MAJOR:C-L5
./pipe_process.c:58: MINOR:C-L6
./pipe_process.c:64: MINOR:C-L6
./pipe_process.c:70: MAJOR:C-F4
./pipe_process.c:71: MAJOR:C-F4
./pipe_process.c:72: MAJOR:C-F4
./pipe_process.c:73: MAJOR:C-F4
./pipe_process.c:73: MINOR:C-L6
./pipe_process.c:74: MAJOR:C-F4
./pipe_process.c:75: MAJOR:C-F4
./pipe_process.c:76: MAJOR:C-F4
./pipe_process.c:77: MAJOR:C-F4
./pipe_process.c:78: MAJOR:C-F4
./pipe_process.c:79: MAJOR:C-F4
./pipe_process.c:79: MINOR:C-L6
./pipe_process.c:80: MAJOR:C-F4
./pipe_process.c:81: MAJOR:C-F4
./pipe_process.c:82: MAJOR:C-F4
./pipe_process.c:83: MAJOR:C-F4
./pipe_process.c:84: MAJOR:C-F4
./pipe_process.c:85: MAJOR:C-F4
./pipe_process.c:86: MAJOR:C-F4
./pipe_process.c:87: MAJOR:C-F4
./pipe_process.c:88: MAJOR:C-F4
./pipe_process.c:89: MAJOR:C-F4
./pipe_process.c:90: MAJOR:C-F4
./pipe_process.c:91: MAJOR:C-F4
./setenv.c:40: MAJOR:C-C1
./str_to_word_array.c:56: MAJOR:C-C1
